0 info it worked if it ends with ok
1 verbose cli [ 'C:\\Program Files\\nodejs\\node.exe',
1 verbose cli   'C:\\Program Files\\nodejs\\node_modules\\npm\\bin\\npm-cli.js',
1 verbose cli   'publish',
1 verbose cli   './' ]
2 info using npm@3.3.12
3 info using node@v5.1.0
4 verbose publish [ './' ]
5 silly cache add args [ './', null ]
6 verbose cache add spec ./
7 silly cache add parsed spec Result {
7 silly cache add   raw: './',
7 silly cache add   scope: null,
7 silly cache add   name: null,
7 silly cache add   rawSpec: './',
7 silly cache add   spec: 'F:\\Code\\stryve-api-client',
7 silly cache add   type: 'directory' }
8 verbose addLocalDirectory C:\Users\Nick\AppData\Roaming\npm-cache\stryve-api-client\0.1.0\package.tgz not in flight; packing
9 info lifecycle stryve-api-client@0.1.0~prepublish: stryve-api-client@0.1.0
10 silly lifecycle stryve-api-client@0.1.0~prepublish: no script for prepublish, continuing
11 verbose tar pack [ 'C:\\Users\\Nick\\AppData\\Roaming\\npm-cache\\stryve-api-client\\0.1.0\\package.tgz',
11 verbose tar pack   'F:\\Code\\stryve-api-client' ]
12 verbose tarball C:\Users\Nick\AppData\Roaming\npm-cache\stryve-api-client\0.1.0\package.tgz
13 verbose folder F:\Code\stryve-api-client
14 verbose addLocalTarball adding from inside cache C:\Users\Nick\AppData\Roaming\npm-cache\stryve-api-client\0.1.0\package.tgz
15 silly cache afterAdd stryve-api-client@0.1.0
16 verbose afterAdd C:\Users\Nick\AppData\Roaming\npm-cache\stryve-api-client\0.1.0\package\package.json not in flight; writing
17 verbose afterAdd C:\Users\Nick\AppData\Roaming\npm-cache\stryve-api-client\0.1.0\package\package.json written
18 silly publish { name: 'stryve-api-client',
18 silly publish   version: '0.1.0',
18 silly publish   description: 'A wrapper around request/request for handling API requests for Stryve.',
18 silly publish   main: 'lib/index.js',
18 silly publish   scripts: { test: 'echo "Error: no test specified" && exit 1' },
18 silly publish   repository:
18 silly publish    { type: 'git',
18 silly publish      url: 'git+https://github.com/nicklaw5/stryve-api-client.git' },
18 silly publish   author: { name: 'Nicholas Law' },
18 silly publish   license: 'ISC',
18 silly publish   bugs: { url: 'https://github.com/nicklaw5/stryve-api-client/issues' },
18 silly publish   homepage: 'https://github.com/nicklaw5/stryve-api-client#readme',
18 silly publish   devDependencies: { chai: '^3.5.0' },
18 silly publish   dependencies: { axios: '^0.11.0' },
18 silly publish   readme: '# stryve-api-client\r\nA [Axios](https://github.com/mzabriskie/axios) wrapper for handling API requests for [Stryve](https://github.com/nicklaw5/stryve).\r\n\r\n## Issues and PR\'s\r\nStryve is under development. Issues and pull requets are vey welcome. Please [report any issues here](https://github.com/nicklaw5/stryve//issues).',
18 silly publish   readmeFilename: 'README.md',
18 silly publish   gitHead: '81320d6f325a1a96622dcc353b0b76eeb089de3c',
18 silly publish   _id: 'stryve-api-client@0.1.0',
18 silly publish   _shasum: 'ea14684e2d3103644a1f67fbc5c16e7bd652444d',
18 silly publish   _from: '.' }
19 verbose getPublishConfig undefined
20 silly mapToRegistry name stryve-api-client
21 silly mapToRegistry using default registry
22 silly mapToRegistry registry https://registry.npmjs.org/
23 silly mapToRegistry uri https://registry.npmjs.org/stryve-api-client
24 verbose publish registryBase https://registry.npmjs.org/
25 silly publish uploading C:\Users\Nick\AppData\Roaming\npm-cache\stryve-api-client\0.1.0\package.tgz
26 verbose request uri https://registry.npmjs.org/stryve-api-client
27 verbose request sending authorization for write operation
28 info attempt registry request try #1 at 6:38:13 PM
29 verbose request using bearer token for auth
30 verbose request id e3890045d65db066
31 http request PUT https://registry.npmjs.org/stryve-api-client
32 http 403 https://registry.npmjs.org/stryve-api-client
33 verbose headers { 'content-type': 'application/json',
33 verbose headers   'cache-control': 'max-age=300',
33 verbose headers   'content-length': '128',
33 verbose headers   'accept-ranges': 'bytes',
33 verbose headers   date: 'Mon, 23 May 2016 08:38:19 GMT',
33 verbose headers   via: '1.1 varnish',
33 verbose headers   connection: 'keep-alive',
33 verbose headers   'x-served-by': 'cache-mel6522-MEL',
33 verbose headers   'x-cache': 'MISS',
33 verbose headers   'x-cache-hits': '0',
33 verbose headers   'x-timer': 'S1463992698.227302,VS0,VE945',
33 verbose headers   vary: 'Accept-Encoding' }
34 verbose request invalidating C:\Users\Nick\AppData\Roaming\npm-cache\registry.npmjs.org\stryve-api-client on PUT
35 error publish Failed PUT 403
36 verbose stack Error: "You cannot publish over the previously published version 0.1.0. Try bumping the version to 1.0.0" : stryve-api-client
36 verbose stack     at makeError (C:\Program Files\nodejs\node_modules\npm\node_modules\npm-registry-client\lib\request.js:264:12)
36 verbose stack     at CachingRegistryClient.<anonymous> (C:\Program Files\nodejs\node_modules\npm\node_modules\npm-registry-client\lib\request.js:252:14)
36 verbose stack     at Request._callback (C:\Program Files\nodejs\node_modules\npm\node_modules\npm-registry-client\lib\request.js:172:14)
36 verbose stack     at Request.self.callback (C:\Program Files\nodejs\node_modules\npm\node_modules\request\request.js:198:22)
36 verbose stack     at emitTwo (events.js:87:13)
36 verbose stack     at Request.emit (events.js:172:7)
36 verbose stack     at Request.<anonymous> (C:\Program Files\nodejs\node_modules\npm\node_modules\request\request.js:1082:10)
36 verbose stack     at emitOne (events.js:82:20)
36 verbose stack     at Request.emit (events.js:169:7)
36 verbose stack     at IncomingMessage.<anonymous> (C:\Program Files\nodejs\node_modules\npm\node_modules\request\request.js:1009:12)
37 verbose statusCode 403
38 verbose pkgid stryve-api-client
39 verbose cwd F:\Code\stryve-api-client
40 error Windows_NT 10.0.10586
41 error argv "C:\\Program Files\\nodejs\\node.exe" "C:\\Program Files\\nodejs\\node_modules\\npm\\bin\\npm-cli.js" "publish" "./"
42 error node v5.1.0
43 error npm  v3.3.12
44 error code E403
45 error "You cannot publish over the previously published version 0.1.0. Try bumping the version to 1.0.0" : stryve-api-client
46 error If you need help, you may report this error at:
46 error     <https://github.com/npm/npm/issues>
47 verbose exit [ 1, true ]
